<?xml version="1.0" encoding="UTF-8"?>
<testng-results ignored="0" total="122" passed="122" failed="0" skipped="0">
  <reporter-output>
  </reporter-output>
  <suite started-at="2022-06-10T17:38:51 IST" name="Suite" finished-at="2022-06-10T17:47:05 IST" duration-ms="494145">
    <groups>
    </groups>
    <test started-at="2022-06-10T17:38:51 IST" name="Test" finished-at="2022-06-10T17:47:05 IST" duration-ms="494145">
      <class name="com.sgtesting.basicscenario.BasicAssigTNG4">
        <test-method signature="launchBrowser()[pri:1, instance:com.sgtesting.basicscenario.BasicAssigTNG4@306e95ec]" started-at="2022-06-10T17:40:16 IST" name="launchBrowser" finished-at="2022-06-10T17:40:17 IST" duration-ms="1361" status="PASS">
          <reporter-output>
          </reporter-output>
        </test-method> <!-- launchBrowser -->
        <test-method signature="navigate()[pri:2, instance:com.sgtesting.basicscenario.BasicAssigTNG4@306e95ec]" started-at="2022-06-10T17:40:17 IST" name="navigate" finished-at="2022-06-10T17:40:18 IST" duration-ms="678" status="PASS">
          <reporter-output>
          </reporter-output>
        </test-method> <!-- navigate -->
        <test-method signature="login(java.lang.String,java.lang.String)[pri:3, instance:com.sgtesting.basicscenario.BasicAssigTNG4@306e95ec]" started-at="2022-06-10T17:40:18 IST" name="login" data-provider="logindetails" finished-at="2022-06-10T17:40:20 IST" duration-ms="2230" status="PASS">
          <params>
            <param index="0">
              <value>
                <![CDATA[admin]]>
              </value>
            </param>
            <param index="1">
              <value>
                <![CDATA[manager]]>
              </value>
            </param>
          </params>
          <reporter-output>
          </reporter-output>
        </test-method> <!-- login -->
        <test-method signature="createCustomer(java.lang.String)[pri:4, instance:com.sgtesting.basicscenario.BasicAssigTNG4@306e95ec]" started-at="2022-06-10T17:40:20 IST" name="createCustomer" data-provider="createCustomer" finished-at="2022-06-10T17:40:27 IST" duration-ms="7099" status="PASS">
          <params>
            <param index="0">
              <value>
                <![CDATA[TestUser1]]>
              </value>
            </param>
          </params>
          <reporter-output>
          </reporter-output>
        </test-method> <!-- createCustomer -->
        <test-method signature="modifyCustomer(java.lang.String)[pri:5, instance:com.sgtesting.basicscenario.BasicAssigTNG4@306e95ec]" started-at="2022-06-10T17:40:27 IST" name="modifyCustomer" data-provider="modifycustomer" finished-at="2022-06-10T17:40:37 IST" duration-ms="9566" status="PASS">
          <params>
            <param index="0">
              <value>
                <![CDATA[Modify Customer]]>
              </value>
            </param>
          </params>
          <reporter-output>
          </reporter-output>
        </test-method> <!-- modifyCustomer -->
        <test-method signature="deleteCustomer()[pri:6, instance:com.sgtesting.basicscenario.BasicAssigTNG4@306e95ec]" started-at="2022-06-10T17:40:37 IST" name="deleteCustomer" finished-at="2022-06-10T17:40:42 IST" duration-ms="5398" status="PASS">
          <reporter-output>
          </reporter-output>
        </test-method> <!-- deleteCustomer -->
        <test-method signature="logout()[pri:7, instance:com.sgtesting.basicscenario.BasicAssigTNG4@306e95ec]" started-at="2022-06-10T17:40:42 IST" name="logout" finished-at="2022-06-10T17:40:44 IST" duration-ms="1667" status="PASS">
          <reporter-output>
          </reporter-output>
        </test-method> <!-- logout -->
        <test-method signature="closeApplication()[pri:8, instance:com.sgtesting.basicscenario.BasicAssigTNG4@306e95ec]" started-at="2022-06-10T17:40:44 IST" name="closeApplication" finished-at="2022-06-10T17:40:45 IST" duration-ms="425" status="PASS">
          <reporter-output>
          </reporter-output>
        </test-method> <!-- closeApplication -->
      </class> <!-- com.sgtesting.basicscenario.BasicAssigTNG4 -->
      <class name="com.sgtesting.basicscenario.BasicAssigTNG3">
        <test-method signature="launchBrowser()[pri:1, instance:com.sgtesting.basicscenario.BasicAssigTNG3@6fd83fc1]" started-at="2022-06-10T17:43:29 IST" name="launchBrowser" finished-at="2022-06-10T17:43:30 IST" duration-ms="1233" status="PASS">
          <reporter-output>
          </reporter-output>
        </test-method> <!-- launchBrowser -->
        <test-method signature="navigate()[pri:2, instance:com.sgtesting.basicscenario.BasicAssigTNG3@6fd83fc1]" started-at="2022-06-10T17:43:30 IST" name="navigate" finished-at="2022-06-10T17:43:31 IST" duration-ms="655" status="PASS">
          <reporter-output>
          </reporter-output>
        </test-method> <!-- navigate -->
        <test-method signature="login(java.lang.String,java.lang.String)[pri:3, instance:com.sgtesting.basicscenario.BasicAssigTNG3@6fd83fc1]" started-at="2022-06-10T17:43:31 IST" name="login" data-provider="logindetails" finished-at="2022-06-10T17:43:35 IST" duration-ms="4245" status="PASS">
          <params>
            <param index="0">
              <value>
                <![CDATA[admin]]>
              </value>
            </param>
            <param index="1">
              <value>
                <![CDATA[manager]]>
              </value>
            </param>
          </params>
          <reporter-output>
          </reporter-output>
        </test-method> <!-- login -->
        <test-method signature="createCustomer(java.lang.String)[pri:4, instance:com.sgtesting.basicscenario.BasicAssigTNG3@6fd83fc1]" started-at="2022-06-10T17:43:35 IST" name="createCustomer" data-provider="createCustomer" finished-at="2022-06-10T17:43:42 IST" duration-ms="7127" status="PASS">
          <params>
            <param index="0">
              <value>
                <![CDATA[TestUser]]>
              </value>
            </param>
          </params>
          <reporter-output>
          </reporter-output>
        </test-method> <!-- createCustomer -->
        <test-method signature="deleteCustomer()[pri:5, instance:com.sgtesting.basicscenario.BasicAssigTNG3@6fd83fc1]" started-at="2022-06-10T17:43:42 IST" name="deleteCustomer" finished-at="2022-06-10T17:43:48 IST" duration-ms="5421" status="PASS">
          <reporter-output>
          </reporter-output>
        </test-method> <!-- deleteCustomer -->
        <test-method signature="logout()[pri:6, instance:com.sgtesting.basicscenario.BasicAssigTNG3@6fd83fc1]" started-at="2022-06-10T17:43:48 IST" name="logout" finished-at="2022-06-10T17:43:50 IST" duration-ms="2333" status="PASS">
          <reporter-output>
          </reporter-output>
        </test-method> <!-- logout -->
        <test-method signature="closeApplication()[pri:7, instance:com.sgtesting.basicscenario.BasicAssigTNG3@6fd83fc1]" started-at="2022-06-10T17:43:50 IST" name="closeApplication" finished-at="2022-06-10T17:43:50 IST" duration-ms="319" status="PASS">
          <reporter-output>
          </reporter-output>
        </test-method> <!-- closeApplication -->
      </class> <!-- com.sgtesting.basicscenario.BasicAssigTNG3 -->
      <class name="com.sgtesting.basicscenario.BasicAssigTNG2">
        <test-method signature="launchBrowser()[pri:1, instance:com.sgtesting.basicscenario.BasicAssigTNG2@35aea049]" started-at="2022-06-10T17:38:51 IST" name="launchBrowser" finished-at="2022-06-10T17:38:54 IST" duration-ms="2935" status="PASS">
          <reporter-output>
          </reporter-output>
        </test-method> <!-- launchBrowser -->
        <test-method signature="navigate()[pri:2, instance:com.sgtesting.basicscenario.BasicAssigTNG2@35aea049]" started-at="2022-06-10T17:38:54 IST" name="navigate" finished-at="2022-06-10T17:38:55 IST" duration-ms="713" status="PASS">
          <reporter-output>
          </reporter-output>
        </test-method> <!-- navigate -->
        <test-method signature="login(java.lang.String,java.lang.String)[pri:3, instance:com.sgtesting.basicscenario.BasicAssigTNG2@35aea049]" started-at="2022-06-10T17:38:55 IST" name="login" data-provider="logindetails" finished-at="2022-06-10T17:38:57 IST" duration-ms="2243" status="PASS">
          <params>
            <param index="0">
              <value>
                <![CDATA[admin]]>
              </value>
            </param>
            <param index="1">
              <value>
                <![CDATA[manager]]>
              </value>
            </param>
          </params>
          <reporter-output>
          </reporter-output>
        </test-method> <!-- login -->
        <test-method signature="createUser(java.lang.String,java.lang.String,java.lang.String,java.lang.String,java.lang.String,java.lang.String)[pri:4, instance:com.sgtesting.basicscenario.BasicAssigTNG2@35aea049]" started-at="2022-06-10T17:38:57 IST" name="createUser" data-provider="createuserdetails" finished-at="2022-06-10T17:39:04 IST" duration-ms="6410" status="PASS">
          <params>
            <param index="0">
              <value>
                <![CDATA[demo]]>
              </value>
            </param>
            <param index="1">
              <value>
                <![CDATA[User1]]>
              </value>
            </param>
            <param index="2">
              <value>
                <![CDATA[demouser1@gmail.com]]>
              </value>
            </param>
            <param index="3">
              <value>
                <![CDATA[demouser1]]>
              </value>
            </param>
            <param index="4">
              <value>
                <![CDATA[welcome123]]>
              </value>
            </param>
            <param index="5">
              <value>
                <![CDATA[welcome123]]>
              </value>
            </param>
          </params>
          <reporter-output>
          </reporter-output>
        </test-method> <!-- createUser -->
        <test-method signature="modifyUser(java.lang.String,java.lang.String)[pri:5, instance:com.sgtesting.basicscenario.BasicAssigTNG2@35aea049]" started-at="2022-06-10T17:39:04 IST" name="modifyUser" data-provider="modifyuser" finished-at="2022-06-10T17:39:08 IST" duration-ms="4415" status="PASS">
          <params>
            <param index="0">
              <value>
                <![CDATA[demouser1]]>
              </value>
            </param>
            <param index="1">
              <value>
                <![CDATA[demouser1]]>
              </value>
            </param>
          </params>
          <reporter-output>
          </reporter-output>
        </test-method> <!-- modifyUser -->
        <test-method signature="deleteUser()[pri:6, instance:com.sgtesting.basicscenario.BasicAssigTNG2@35aea049]" started-at="2022-06-10T17:39:08 IST" name="deleteUser" finished-at="2022-06-10T17:39:14 IST" duration-ms="6279" status="PASS">
          <reporter-output>
          </reporter-output>
        </test-method> <!-- deleteUser -->
        <test-method signature="logout()[pri:7, instance:com.sgtesting.basicscenario.BasicAssigTNG2@35aea049]" started-at="2022-06-10T17:39:14 IST" name="logout" finished-at="2022-06-10T17:39:17 IST" duration-ms="2318" status="PASS">
          <reporter-output>
          </reporter-output>
        </test-method> <!-- logout -->
        <test-method signature="closeApplication()[pri:8, instance:com.sgtesting.basicscenario.BasicAssigTNG2@35aea049]" started-at="2022-06-10T17:39:17 IST" name="closeApplication" finished-at="2022-06-10T17:39:17 IST" duration-ms="477" status="PASS">
          <reporter-output>
          </reporter-output>
        </test-method> <!-- closeApplication -->
      </class> <!-- com.sgtesting.basicscenario.BasicAssigTNG2 -->
      <class name="com.sgtesting.basicscenario.BasicAssigTNG1">
        <test-method signature="launchBrowser()[pri:1, instance:com.sgtesting.basicscenario.BasicAssigTNG1@74751b3]" started-at="2022-06-10T17:39:17 IST" name="launchBrowser" finished-at="2022-06-10T17:39:18 IST" duration-ms="1319" status="PASS">
          <reporter-output>
          </reporter-output>
        </test-method> <!-- launchBrowser -->
        <test-method signature="navigate()[pri:2, instance:com.sgtesting.basicscenario.BasicAssigTNG1@74751b3]" started-at="2022-06-10T17:39:18 IST" name="navigate" finished-at="2022-06-10T17:39:19 IST" duration-ms="783" status="PASS">
          <reporter-output>
          </reporter-output>
        </test-method> <!-- navigate -->
        <test-method signature="login(java.lang.String,java.lang.String)[pri:3, instance:com.sgtesting.basicscenario.BasicAssigTNG1@74751b3]" started-at="2022-06-10T17:39:19 IST" name="login" data-provider="logindetails" finished-at="2022-06-10T17:39:23 IST" duration-ms="4194" status="PASS">
          <params>
            <param index="0">
              <value>
                <![CDATA[admin]]>
              </value>
            </param>
            <param index="1">
              <value>
                <![CDATA[manager]]>
              </value>
            </param>
          </params>
          <reporter-output>
          </reporter-output>
        </test-method> <!-- login -->
        <test-method signature="createUser(java.lang.String,java.lang.String,java.lang.String,java.lang.String,java.lang.String,java.lang.String)[pri:4, instance:com.sgtesting.basicscenario.BasicAssigTNG1@74751b3]" started-at="2022-06-10T17:39:23 IST" name="createUser" data-provider="createuserdetails" finished-at="2022-06-10T17:39:32 IST" duration-ms="8734" status="PASS">
          <params>
            <param index="0">
              <value>
                <![CDATA[demo]]>
              </value>
            </param>
            <param index="1">
              <value>
                <![CDATA[User1]]>
              </value>
            </param>
            <param index="2">
              <value>
                <![CDATA[demouser1@gmail.com]]>
              </value>
            </param>
            <param index="3">
              <value>
                <![CDATA[demouser1]]>
              </value>
            </param>
            <param index="4">
              <value>
                <![CDATA[welcome123]]>
              </value>
            </param>
            <param index="5">
              <value>
                <![CDATA[welcome123]]>
              </value>
            </param>
          </params>
          <reporter-output>
          </reporter-output>
        </test-method> <!-- createUser -->
        <test-method signature="deleteUser()[pri:5, instance:com.sgtesting.basicscenario.BasicAssigTNG1@74751b3]" started-at="2022-06-10T17:39:32 IST" name="deleteUser" finished-at="2022-06-10T17:39:38 IST" duration-ms="6220" status="PASS">
          <reporter-output>
          </reporter-output>
        </test-method> <!-- deleteUser -->
        <test-method signature="logout()[pri:6, instance:com.sgtesting.basicscenario.BasicAssigTNG1@74751b3]" started-at="2022-06-10T17:39:38 IST" name="logout" finished-at="2022-06-10T17:39:41 IST" duration-ms="2404" status="PASS">
          <reporter-output>
          </reporter-output>
        </test-method> <!-- logout -->
        <test-method signature="closeApplication()[pri:7, instance:com.sgtesting.basicscenario.BasicAssigTNG1@74751b3]" started-at="2022-06-10T17:39:41 IST" name="closeApplication" finished-at="2022-06-10T17:39:41 IST" duration-ms="379" status="PASS">
          <reporter-output>
          </reporter-output>
        </test-method> <!-- closeApplication -->
      </class> <!-- com.sgtesting.basicscenario.BasicAssigTNG1 -->
      <class name="com.sgtesting.advancescenario.AdvAssigTNG2">
        <test-method signature="launchBrowser()[pri:1, instance:com.sgtesting.advancescenario.AdvAssigTNG2@52af26ee]" started-at="2022-06-10T17:40:45 IST" name="launchBrowser" finished-at="2022-06-10T17:40:46 IST" duration-ms="1452" status="PASS">
          <reporter-output>
          </reporter-output>
        </test-method> <!-- launchBrowser -->
        <test-method signature="navigate()[pri:2, instance:com.sgtesting.advancescenario.AdvAssigTNG2@52af26ee]" started-at="2022-06-10T17:40:46 IST" name="navigate" finished-at="2022-06-10T17:40:47 IST" duration-ms="663" status="PASS">
          <reporter-output>
          </reporter-output>
        </test-method> <!-- navigate -->
        <test-method signature="loginasAdmin1a()[pri:3, instance:com.sgtesting.advancescenario.AdvAssigTNG2@52af26ee]" started-at="2022-06-10T17:40:47 IST" name="loginasAdmin1a" finished-at="2022-06-10T17:40:51 IST" duration-ms="4339" status="PASS">
          <reporter-output>
          </reporter-output>
        </test-method> <!-- loginasAdmin1a -->
        <test-method signature="createUser1()[pri:4, instance:com.sgtesting.advancescenario.AdvAssigTNG2@52af26ee]" started-at="2022-06-10T17:40:51 IST" name="createUser1" finished-at="2022-06-10T17:40:58 IST" duration-ms="6951" status="PASS">
          <reporter-output>
          </reporter-output>
        </test-method> <!-- createUser1 -->
        <test-method signature="logout1()[pri:5, instance:com.sgtesting.advancescenario.AdvAssigTNG2@52af26ee]" started-at="2022-06-10T17:40:58 IST" name="logout1" finished-at="2022-06-10T17:40:59 IST" duration-ms="1308" status="PASS">
          <reporter-output>
          </reporter-output>
        </test-method> <!-- logout1 -->
        <test-method signature="loginasUser1()[pri:6, instance:com.sgtesting.advancescenario.AdvAssigTNG2@52af26ee]" started-at="2022-06-10T17:40:59 IST" name="loginasUser1" finished-at="2022-06-10T17:41:10 IST" duration-ms="10561" status="PASS">
          <reporter-output>
          </reporter-output>
        </test-method> <!-- loginasUser1 -->
        <test-method signature="createUser2()[pri:7, instance:com.sgtesting.advancescenario.AdvAssigTNG2@52af26ee]" started-at="2022-06-10T17:41:10 IST" name="createUser2" finished-at="2022-06-10T17:41:15 IST" duration-ms="5542" status="PASS">
          <reporter-output>
          </reporter-output>
        </test-method> <!-- createUser2 -->
        <test-method signature="logout2()[pri:8, instance:com.sgtesting.advancescenario.AdvAssigTNG2@52af26ee]" started-at="2022-06-10T17:41:15 IST" name="logout2" finished-at="2022-06-10T17:41:17 IST" duration-ms="1322" status="PASS">
          <reporter-output>
          </reporter-output>
        </test-method> <!-- logout2 -->
        <test-method signature="loginasUser2()[pri:9, instance:com.sgtesting.advancescenario.AdvAssigTNG2@52af26ee]" started-at="2022-06-10T17:41:17 IST" name="loginasUser2" finished-at="2022-06-10T17:41:27 IST" duration-ms="10548" status="PASS">
          <reporter-output>
          </reporter-output>
        </test-method> <!-- loginasUser2 -->
        <test-method signature="createUser3()[pri:10, instance:com.sgtesting.advancescenario.AdvAssigTNG2@52af26ee]" started-at="2022-06-10T17:41:27 IST" name="createUser3" finished-at="2022-06-10T17:41:35 IST" duration-ms="7529" status="PASS">
          <reporter-output>
          </reporter-output>
        </test-method> <!-- createUser3 -->
        <test-method signature="logout3()[pri:11, instance:com.sgtesting.advancescenario.AdvAssigTNG2@52af26ee]" started-at="2022-06-10T17:41:35 IST" name="logout3" finished-at="2022-06-10T17:41:36 IST" duration-ms="1342" status="PASS">
          <reporter-output>
          </reporter-output>
        </test-method> <!-- logout3 -->
        <test-method signature="loginasUser3()[pri:12, instance:com.sgtesting.advancescenario.AdvAssigTNG2@52af26ee]" started-at="2022-06-10T17:41:36 IST" name="loginasUser3" finished-at="2022-06-10T17:41:47 IST" duration-ms="10548" status="PASS">
          <reporter-output>
          </reporter-output>
        </test-method> <!-- loginasUser3 -->
        <test-method signature="logout4()[pri:13, instance:com.sgtesting.advancescenario.AdvAssigTNG2@52af26ee]" started-at="2022-06-10T17:41:47 IST" name="logout4" finished-at="2022-06-10T17:41:48 IST" duration-ms="1278" status="PASS">
          <reporter-output>
          </reporter-output>
        </test-method> <!-- logout4 -->
        <test-method signature="loginasuser2()[pri:14, instance:com.sgtesting.advancescenario.AdvAssigTNG2@52af26ee]" started-at="2022-06-10T17:41:48 IST" name="loginasuser2" finished-at="2022-06-10T17:41:56 IST" duration-ms="8323" status="PASS">
          <reporter-output>
          </reporter-output>
        </test-method> <!-- loginasuser2 -->
        <test-method signature="modifyPasswordforUser3()[pri:15, instance:com.sgtesting.advancescenario.AdvAssigTNG2@52af26ee]" started-at="2022-06-10T17:41:56 IST" name="modifyPasswordforUser3" finished-at="2022-06-10T17:42:02 IST" duration-ms="5211" status="PASS">
          <reporter-output>
          </reporter-output>
        </test-method> <!-- modifyPasswordforUser3 -->
        <test-method signature="logout5()[pri:16, instance:com.sgtesting.advancescenario.AdvAssigTNG2@52af26ee]" started-at="2022-06-10T17:42:02 IST" name="logout5" finished-at="2022-06-10T17:42:03 IST" duration-ms="1257" status="PASS">
          <reporter-output>
          </reporter-output>
        </test-method> <!-- logout5 -->
        <test-method signature="loginAsUser3()[pri:17, instance:com.sgtesting.advancescenario.AdvAssigTNG2@52af26ee]" started-at="2022-06-10T17:42:03 IST" name="loginAsUser3" finished-at="2022-06-10T17:42:07 IST" duration-ms="4372" status="PASS">
          <reporter-output>
          </reporter-output>
        </test-method> <!-- loginAsUser3 -->
        <test-method signature="logout6()[pri:18, instance:com.sgtesting.advancescenario.AdvAssigTNG2@52af26ee]" started-at="2022-06-10T17:42:07 IST" name="logout6" finished-at="2022-06-10T17:42:09 IST" duration-ms="1357" status="PASS">
          <reporter-output>
          </reporter-output>
        </test-method> <!-- logout6 -->
        <test-method signature="loginasuser1()[pri:19, instance:com.sgtesting.advancescenario.AdvAssigTNG2@52af26ee]" started-at="2022-06-10T17:42:09 IST" name="loginasuser1" finished-at="2022-06-10T17:42:17 IST" duration-ms="8284" status="PASS">
          <reporter-output>
          </reporter-output>
        </test-method> <!-- loginasuser1 -->
        <test-method signature="modifyPasswordforUser2()[pri:20, instance:com.sgtesting.advancescenario.AdvAssigTNG2@52af26ee]" started-at="2022-06-10T17:42:17 IST" name="modifyPasswordforUser2" finished-at="2022-06-10T17:42:22 IST" duration-ms="5243" status="PASS">
          <reporter-output>
          </reporter-output>
        </test-method> <!-- modifyPasswordforUser2 -->
        <test-method signature="logout7()[pri:21, instance:com.sgtesting.advancescenario.AdvAssigTNG2@52af26ee]" started-at="2022-06-10T17:42:22 IST" name="logout7" finished-at="2022-06-10T17:42:23 IST" duration-ms="1291" status="PASS">
          <reporter-output>
          </reporter-output>
        </test-method> <!-- logout7 -->
        <test-method signature="loginAsUser2a()[pri:22, instance:com.sgtesting.advancescenario.AdvAssigTNG2@52af26ee]" started-at="2022-06-10T17:42:23 IST" name="loginAsUser2a" finished-at="2022-06-10T17:42:28 IST" duration-ms="4345" status="PASS">
          <reporter-output>
          </reporter-output>
        </test-method> <!-- loginAsUser2a -->
        <test-method signature="logout8()[pri:23, instance:com.sgtesting.advancescenario.AdvAssigTNG2@52af26ee]" started-at="2022-06-10T17:42:28 IST" name="logout8" finished-at="2022-06-10T17:42:29 IST" duration-ms="1361" status="PASS">
          <reporter-output>
          </reporter-output>
        </test-method> <!-- logout8 -->
        <test-method signature="loginasAdmin1b()[pri:24, instance:com.sgtesting.advancescenario.AdvAssigTNG2@52af26ee]" started-at="2022-06-10T17:42:29 IST" name="loginasAdmin1b" finished-at="2022-06-10T17:42:33 IST" duration-ms="4332" status="PASS">
          <reporter-output>
          </reporter-output>
        </test-method> <!-- loginasAdmin1b -->
        <test-method signature="modifyPasswordforUser1()[pri:25, instance:com.sgtesting.advancescenario.AdvAssigTNG2@52af26ee]" started-at="2022-06-10T17:42:33 IST" name="modifyPasswordforUser1" finished-at="2022-06-10T17:42:39 IST" duration-ms="5096" status="PASS">
          <reporter-output>
          </reporter-output>
        </test-method> <!-- modifyPasswordforUser1 -->
        <test-method signature="logout9()[pri:26, instance:com.sgtesting.advancescenario.AdvAssigTNG2@52af26ee]" started-at="2022-06-10T17:42:39 IST" name="logout9" finished-at="2022-06-10T17:42:40 IST" duration-ms="1324" status="PASS">
          <reporter-output>
          </reporter-output>
        </test-method> <!-- logout9 -->
        <test-method signature="loginAsUser1a()[pri:27, instance:com.sgtesting.advancescenario.AdvAssigTNG2@52af26ee]" started-at="2022-06-10T17:42:40 IST" name="loginAsUser1a" finished-at="2022-06-10T17:42:44 IST" duration-ms="4333" status="PASS">
          <reporter-output>
          </reporter-output>
        </test-method> <!-- loginAsUser1a -->
        <test-method signature="logout10()[pri:28, instance:com.sgtesting.advancescenario.AdvAssigTNG2@52af26ee]" started-at="2022-06-10T17:42:44 IST" name="logout10" finished-at="2022-06-10T17:42:46 IST" duration-ms="1380" status="PASS">
          <reporter-output>
          </reporter-output>
        </test-method> <!-- logout10 -->
        <test-method signature="loginAsUser2b()[pri:29, instance:com.sgtesting.advancescenario.AdvAssigTNG2@52af26ee]" started-at="2022-06-10T17:42:46 IST" name="loginAsUser2b" finished-at="2022-06-10T17:42:50 IST" duration-ms="4313" status="PASS">
          <reporter-output>
          </reporter-output>
        </test-method> <!-- loginAsUser2b -->
        <test-method signature="deleteUser3()[pri:30, instance:com.sgtesting.advancescenario.AdvAssigTNG2@52af26ee]" started-at="2022-06-10T17:42:50 IST" name="deleteUser3" finished-at="2022-06-10T17:42:59 IST" duration-ms="8970" status="PASS">
          <reporter-output>
          </reporter-output>
        </test-method> <!-- deleteUser3 -->
        <test-method signature="logout11()[pri:31, instance:com.sgtesting.advancescenario.AdvAssigTNG2@52af26ee]" started-at="2022-06-10T17:42:59 IST" name="logout11" finished-at="2022-06-10T17:43:00 IST" duration-ms="1299" status="PASS">
          <reporter-output>
          </reporter-output>
        </test-method> <!-- logout11 -->
        <test-method signature="loginAsUser1b()[pri:32, instance:com.sgtesting.advancescenario.AdvAssigTNG2@52af26ee]" started-at="2022-06-10T17:43:00 IST" name="loginAsUser1b" finished-at="2022-06-10T17:43:05 IST" duration-ms="4353" status="PASS">
          <reporter-output>
          </reporter-output>
        </test-method> <!-- loginAsUser1b -->
        <test-method signature="deleteUser2()[pri:33, instance:com.sgtesting.advancescenario.AdvAssigTNG2@52af26ee]" started-at="2022-06-10T17:43:05 IST" name="deleteUser2" finished-at="2022-06-10T17:43:13 IST" duration-ms="8642" status="PASS">
          <reporter-output>
          </reporter-output>
        </test-method> <!-- deleteUser2 -->
        <test-method signature="logout12()[pri:34, instance:com.sgtesting.advancescenario.AdvAssigTNG2@52af26ee]" started-at="2022-06-10T17:43:13 IST" name="logout12" finished-at="2022-06-10T17:43:14 IST" duration-ms="1307" status="PASS">
          <reporter-output>
          </reporter-output>
        </test-method> <!-- logout12 -->
        <test-method signature="loginasAdmin1c()[pri:35, instance:com.sgtesting.advancescenario.AdvAssigTNG2@52af26ee]" started-at="2022-06-10T17:43:14 IST" name="loginasAdmin1c" finished-at="2022-06-10T17:43:19 IST" duration-ms="4252" status="PASS">
          <reporter-output>
          </reporter-output>
        </test-method> <!-- loginasAdmin1c -->
        <test-method signature="deleteUser1()[pri:36, instance:com.sgtesting.advancescenario.AdvAssigTNG2@52af26ee]" started-at="2022-06-10T17:43:19 IST" name="deleteUser1" finished-at="2022-06-10T17:43:28 IST" duration-ms="8763" status="PASS">
          <reporter-output>
          </reporter-output>
        </test-method> <!-- deleteUser1 -->
        <test-method signature="logout13()[pri:37, instance:com.sgtesting.advancescenario.AdvAssigTNG2@52af26ee]" started-at="2022-06-10T17:43:28 IST" name="logout13" finished-at="2022-06-10T17:43:29 IST" duration-ms="1234" status="PASS">
          <reporter-output>
          </reporter-output>
        </test-method> <!-- logout13 -->
        <test-method signature="closeApplication()[pri:38, instance:com.sgtesting.advancescenario.AdvAssigTNG2@52af26ee]" started-at="2022-06-10T17:43:29 IST" name="closeApplication" finished-at="2022-06-10T17:43:29 IST" duration-ms="363" status="PASS">
          <reporter-output>
          </reporter-output>
        </test-method> <!-- closeApplication -->
      </class> <!-- com.sgtesting.advancescenario.AdvAssigTNG2 -->
      <class name="com.sgtesting.basicscenario.BasicAssigTNG7">
        <test-method signature="launchBrowser()[pri:1, instance:com.sgtesting.basicscenario.BasicAssigTNG7@741a8937]" started-at="2022-06-10T17:39:41 IST" name="launchBrowser" finished-at="2022-06-10T17:39:43 IST" duration-ms="1449" status="PASS">
          <reporter-output>
          </reporter-output>
        </test-method> <!-- launchBrowser -->
        <test-method signature="navigate()[pri:2, instance:com.sgtesting.basicscenario.BasicAssigTNG7@741a8937]" started-at="2022-06-10T17:39:43 IST" name="navigate" finished-at="2022-06-10T17:39:43 IST" duration-ms="680" status="PASS">
          <reporter-output>
          </reporter-output>
        </test-method> <!-- navigate -->
        <test-method signature="login(java.lang.String,java.lang.String)[pri:3, instance:com.sgtesting.basicscenario.BasicAssigTNG7@741a8937]" started-at="2022-06-10T17:39:43 IST" name="login" data-provider="logindetails" finished-at="2022-06-10T17:39:45 IST" duration-ms="2218" status="PASS">
          <params>
            <param index="0">
              <value>
                <![CDATA[admin]]>
              </value>
            </param>
            <param index="1">
              <value>
                <![CDATA[manager]]>
              </value>
            </param>
          </params>
          <reporter-output>
          </reporter-output>
        </test-method> <!-- login -->
        <test-method signature="createCustomer(java.lang.String)[pri:4, instance:com.sgtesting.basicscenario.BasicAssigTNG7@741a8937]" started-at="2022-06-10T17:39:45 IST" name="createCustomer" data-provider="createCustomer" finished-at="2022-06-10T17:39:52 IST" duration-ms="7012" status="PASS">
          <params>
            <param index="0">
              <value>
                <![CDATA[TestUser1]]>
              </value>
            </param>
          </params>
          <reporter-output>
          </reporter-output>
        </test-method> <!-- createCustomer -->
        <test-method signature="createProject(java.lang.String)[pri:5, instance:com.sgtesting.basicscenario.BasicAssigTNG7@741a8937]" started-at="2022-06-10T17:39:52 IST" name="createProject" data-provider="createProject" finished-at="2022-06-10T17:39:57 IST" duration-ms="4340" status="PASS">
          <params>
            <param index="0">
              <value>
                <![CDATA[project1]]>
              </value>
            </param>
          </params>
          <reporter-output>
          </reporter-output>
        </test-method> <!-- createProject -->
        <test-method signature="createTask(java.lang.String)[pri:6, instance:com.sgtesting.basicscenario.BasicAssigTNG7@741a8937]" started-at="2022-06-10T17:39:57 IST" name="createTask" data-provider="createTask" finished-at="2022-06-10T17:40:01 IST" duration-ms="4446" status="PASS">
          <params>
            <param index="0">
              <value>
                <![CDATA[demotask]]>
              </value>
            </param>
          </params>
          <reporter-output>
          </reporter-output>
        </test-method> <!-- createTask -->
        <test-method signature="deleteTask()[pri:7, instance:com.sgtesting.basicscenario.BasicAssigTNG7@741a8937]" started-at="2022-06-10T17:40:01 IST" name="deleteTask" finished-at="2022-06-10T17:40:05 IST" duration-ms="3290" status="PASS">
          <reporter-output>
          </reporter-output>
        </test-method> <!-- deleteTask -->
        <test-method signature="deleteProject()[pri:8, instance:com.sgtesting.basicscenario.BasicAssigTNG7@741a8937]" started-at="2022-06-10T17:40:05 IST" name="deleteProject" finished-at="2022-06-10T17:40:09 IST" duration-ms="4450" status="PASS">
          <reporter-output>
          </reporter-output>
        </test-method> <!-- deleteProject -->
        <test-method signature="deleteCustomer()[pri:9, instance:com.sgtesting.basicscenario.BasicAssigTNG7@741a8937]" started-at="2022-06-10T17:40:09 IST" name="deleteCustomer" finished-at="2022-06-10T17:40:14 IST" duration-ms="5376" status="PASS">
          <reporter-output>
          </reporter-output>
        </test-method> <!-- deleteCustomer -->
        <test-method signature="logout()[pri:10, instance:com.sgtesting.basicscenario.BasicAssigTNG7@741a8937]" started-at="2022-06-10T17:40:14 IST" name="logout" finished-at="2022-06-10T17:40:16 IST" duration-ms="1356" status="PASS">
          <reporter-output>
          </reporter-output>
        </test-method> <!-- logout -->
        <test-method signature="closeApplication()[pri:11, instance:com.sgtesting.basicscenario.BasicAssigTNG7@741a8937]" started-at="2022-06-10T17:40:16 IST" name="closeApplication" finished-at="2022-06-10T17:40:16 IST" duration-ms="361" status="PASS">
          <reporter-output>
          </reporter-output>
        </test-method> <!-- closeApplication -->
      </class> <!-- com.sgtesting.basicscenario.BasicAssigTNG7 -->
      <class name="com.sgtesting.basicscenario.BasicAssigTNG6">
        <test-method signature="launchBrowser()[pri:1, instance:com.sgtesting.basicscenario.BasicAssigTNG6@4f2b503c]" started-at="2022-06-10T17:43:50 IST" name="launchBrowser" finished-at="2022-06-10T17:43:52 IST" duration-ms="1412" status="PASS">
          <reporter-output>
          </reporter-output>
        </test-method> <!-- launchBrowser -->
        <test-method signature="navigate()[pri:2, instance:com.sgtesting.basicscenario.BasicAssigTNG6@4f2b503c]" started-at="2022-06-10T17:43:52 IST" name="navigate" finished-at="2022-06-10T17:43:53 IST" duration-ms="700" status="PASS">
          <reporter-output>
          </reporter-output>
        </test-method> <!-- navigate -->
        <test-method signature="login(java.lang.String,java.lang.String)[pri:3, instance:com.sgtesting.basicscenario.BasicAssigTNG6@4f2b503c]" started-at="2022-06-10T17:43:53 IST" name="login" data-provider="logindetails" finished-at="2022-06-10T17:43:55 IST" duration-ms="2227" status="PASS">
          <params>
            <param index="0">
              <value>
                <![CDATA[admin]]>
              </value>
            </param>
            <param index="1">
              <value>
                <![CDATA[manager]]>
              </value>
            </param>
          </params>
          <reporter-output>
          </reporter-output>
        </test-method> <!-- login -->
        <test-method signature="createCustomer(java.lang.String)[pri:4, instance:com.sgtesting.basicscenario.BasicAssigTNG6@4f2b503c]" started-at="2022-06-10T17:43:55 IST" name="createCustomer" data-provider="createCustomer" finished-at="2022-06-10T17:44:02 IST" duration-ms="7090" status="PASS">
          <params>
            <param index="0">
              <value>
                <![CDATA[TestUser1]]>
              </value>
            </param>
          </params>
          <reporter-output>
          </reporter-output>
        </test-method> <!-- createCustomer -->
        <test-method signature="createProject(java.lang.String)[pri:5, instance:com.sgtesting.basicscenario.BasicAssigTNG6@4f2b503c]" started-at="2022-06-10T17:44:02 IST" name="createProject" data-provider="createProject" finished-at="2022-06-10T17:44:06 IST" duration-ms="4364" status="PASS">
          <params>
            <param index="0">
              <value>
                <![CDATA[project1]]>
              </value>
            </param>
          </params>
          <reporter-output>
          </reporter-output>
        </test-method> <!-- createProject -->
        <test-method signature="modifyProject(java.lang.String)[pri:6, instance:com.sgtesting.basicscenario.BasicAssigTNG6@4f2b503c]" started-at="2022-06-10T17:44:06 IST" name="modifyProject" data-provider="modifyProject" finished-at="2022-06-10T17:44:12 IST" duration-ms="5567" status="PASS">
          <params>
            <param index="0">
              <value>
                <![CDATA[Modify Project]]>
              </value>
            </param>
          </params>
          <reporter-output>
          </reporter-output>
        </test-method> <!-- modifyProject -->
        <test-method signature="deleteProject()[pri:7, instance:com.sgtesting.basicscenario.BasicAssigTNG6@4f2b503c]" started-at="2022-06-10T17:44:12 IST" name="deleteProject" finished-at="2022-06-10T17:44:16 IST" duration-ms="4403" status="PASS">
          <reporter-output>
          </reporter-output>
        </test-method> <!-- deleteProject -->
        <test-method signature="deleteCustomer()[pri:8, instance:com.sgtesting.basicscenario.BasicAssigTNG6@4f2b503c]" started-at="2022-06-10T17:44:16 IST" name="deleteCustomer" finished-at="2022-06-10T17:44:22 IST" duration-ms="5377" status="PASS">
          <reporter-output>
          </reporter-output>
        </test-method> <!-- deleteCustomer -->
        <test-method signature="logout()[pri:9, instance:com.sgtesting.basicscenario.BasicAssigTNG6@4f2b503c]" started-at="2022-06-10T17:44:22 IST" name="logout" finished-at="2022-06-10T17:44:23 IST" duration-ms="1432" status="PASS">
          <reporter-output>
          </reporter-output>
        </test-method> <!-- logout -->
        <test-method signature="closeApplication()[pri:10, instance:com.sgtesting.basicscenario.BasicAssigTNG6@4f2b503c]" started-at="2022-06-10T17:44:23 IST" name="closeApplication" finished-at="2022-06-10T17:44:24 IST" duration-ms="489" status="PASS">
          <reporter-output>
          </reporter-output>
        </test-method> <!-- closeApplication -->
      </class> <!-- com.sgtesting.basicscenario.BasicAssigTNG6 -->
      <class name="com.sgtesting.advancescenario.AdvAssigTNG1">
        <test-method signature="launchBrowser()[pri:1, instance:com.sgtesting.advancescenario.AdvAssigTNG1@bae7dc0]" started-at="2022-06-10T17:44:24 IST" name="launchBrowser" finished-at="2022-06-10T17:44:25 IST" duration-ms="1389" status="PASS">
          <reporter-output>
          </reporter-output>
        </test-method> <!-- launchBrowser -->
        <test-method signature="navigate()[pri:2, instance:com.sgtesting.advancescenario.AdvAssigTNG1@bae7dc0]" started-at="2022-06-10T17:44:25 IST" name="navigate" finished-at="2022-06-10T17:44:26 IST" duration-ms="669" status="PASS">
          <reporter-output>
          </reporter-output>
        </test-method> <!-- navigate -->
        <test-method signature="loginasAdmin1()[pri:3, instance:com.sgtesting.advancescenario.AdvAssigTNG1@bae7dc0]" started-at="2022-06-10T17:44:26 IST" name="loginasAdmin1" finished-at="2022-06-10T17:44:32 IST" duration-ms="6318" status="PASS">
          <reporter-output>
          </reporter-output>
        </test-method> <!-- loginasAdmin1 -->
        <test-method signature="createUser()[pri:4, instance:com.sgtesting.advancescenario.AdvAssigTNG1@bae7dc0]" started-at="2022-06-10T17:44:32 IST" name="createUser" finished-at="2022-06-10T17:44:47 IST" duration-ms="14687" status="PASS">
          <reporter-output>
          </reporter-output>
        </test-method> <!-- createUser -->
        <test-method signature="logout1()[pri:5, instance:com.sgtesting.advancescenario.AdvAssigTNG1@bae7dc0]" started-at="2022-06-10T17:44:47 IST" name="logout1" finished-at="2022-06-10T17:44:49 IST" duration-ms="2269" status="PASS">
          <reporter-output>
          </reporter-output>
        </test-method> <!-- logout1 -->
        <test-method signature="loginasuser1()[pri:6, instance:com.sgtesting.advancescenario.AdvAssigTNG1@bae7dc0]" started-at="2022-06-10T17:44:49 IST" name="loginasuser1" finished-at="2022-06-10T17:44:56 IST" duration-ms="6716" status="PASS">
          <reporter-output>
          </reporter-output>
        </test-method> <!-- loginasuser1 -->
        <test-method signature="logout2()[pri:7, instance:com.sgtesting.advancescenario.AdvAssigTNG1@bae7dc0]" started-at="2022-06-10T17:44:56 IST" name="logout2" finished-at="2022-06-10T17:44:58 IST" duration-ms="2340" status="PASS">
          <reporter-output>
          </reporter-output>
        </test-method> <!-- logout2 -->
        <test-method signature="loginasuser2()[pri:8, instance:com.sgtesting.advancescenario.AdvAssigTNG1@bae7dc0]" started-at="2022-06-10T17:44:58 IST" name="loginasuser2" finished-at="2022-06-10T17:45:05 IST" duration-ms="6549" status="PASS">
          <reporter-output>
          </reporter-output>
        </test-method> <!-- loginasuser2 -->
        <test-method signature="logout3()[pri:9, instance:com.sgtesting.advancescenario.AdvAssigTNG1@bae7dc0]" started-at="2022-06-10T17:45:05 IST" name="logout3" finished-at="2022-06-10T17:45:07 IST" duration-ms="2329" status="PASS">
          <reporter-output>
          </reporter-output>
        </test-method> <!-- logout3 -->
        <test-method signature="loginasuser3()[pri:10, instance:com.sgtesting.advancescenario.AdvAssigTNG1@bae7dc0]" started-at="2022-06-10T17:45:07 IST" name="loginasuser3" finished-at="2022-06-10T17:45:13 IST" duration-ms="6504" status="PASS">
          <reporter-output>
          </reporter-output>
        </test-method> <!-- loginasuser3 -->
        <test-method signature="logout4()[pri:11, instance:com.sgtesting.advancescenario.AdvAssigTNG1@bae7dc0]" started-at="2022-06-10T17:45:13 IST" name="logout4" finished-at="2022-06-10T17:45:16 IST" duration-ms="2243" status="PASS">
          <reporter-output>
          </reporter-output>
        </test-method> <!-- logout4 -->
        <test-method signature="loginasAdmin2()[pri:12, instance:com.sgtesting.advancescenario.AdvAssigTNG1@bae7dc0]" started-at="2022-06-10T17:45:16 IST" name="loginasAdmin2" finished-at="2022-06-10T17:45:22 IST" duration-ms="6284" status="PASS">
          <reporter-output>
          </reporter-output>
        </test-method> <!-- loginasAdmin2 -->
        <test-method signature="modifyPasswords()[pri:13, instance:com.sgtesting.advancescenario.AdvAssigTNG1@bae7dc0]" started-at="2022-06-10T17:45:22 IST" name="modifyPasswords" finished-at="2022-06-10T17:45:42 IST" duration-ms="20500" status="PASS">
          <reporter-output>
          </reporter-output>
        </test-method> <!-- modifyPasswords -->
        <test-method signature="logout5()[pri:14, instance:com.sgtesting.advancescenario.AdvAssigTNG1@bae7dc0]" started-at="2022-06-10T17:45:42 IST" name="logout5" finished-at="2022-06-10T17:45:45 IST" duration-ms="2708" status="PASS">
          <reporter-output>
          </reporter-output>
        </test-method> <!-- logout5 -->
        <test-method signature="loginasUser1()[pri:15, instance:com.sgtesting.advancescenario.AdvAssigTNG1@bae7dc0]" started-at="2022-06-10T17:45:45 IST" name="loginasUser1" finished-at="2022-06-10T17:45:49 IST" duration-ms="4340" status="PASS">
          <reporter-output>
          </reporter-output>
        </test-method> <!-- loginasUser1 -->
        <test-method signature="logout6()[pri:16, instance:com.sgtesting.advancescenario.AdvAssigTNG1@bae7dc0]" started-at="2022-06-10T17:45:49 IST" name="logout6" finished-at="2022-06-10T17:45:52 IST" duration-ms="2728" status="PASS">
          <reporter-output>
          </reporter-output>
        </test-method> <!-- logout6 -->
        <test-method signature="loginasUser2()[pri:17, instance:com.sgtesting.advancescenario.AdvAssigTNG1@bae7dc0]" started-at="2022-06-10T17:45:52 IST" name="loginasUser2" finished-at="2022-06-10T17:45:56 IST" duration-ms="4305" status="PASS">
          <reporter-output>
          </reporter-output>
        </test-method> <!-- loginasUser2 -->
        <test-method signature="logout7()[pri:18, instance:com.sgtesting.advancescenario.AdvAssigTNG1@bae7dc0]" started-at="2022-06-10T17:45:56 IST" name="logout7" finished-at="2022-06-10T17:45:59 IST" duration-ms="2396" status="PASS">
          <reporter-output>
          </reporter-output>
        </test-method> <!-- logout7 -->
        <test-method signature="loginasUser3()[pri:19, instance:com.sgtesting.advancescenario.AdvAssigTNG1@bae7dc0]" started-at="2022-06-10T17:45:59 IST" name="loginasUser3" finished-at="2022-06-10T17:46:03 IST" duration-ms="4304" status="PASS">
          <reporter-output>
          </reporter-output>
        </test-method> <!-- loginasUser3 -->
        <test-method signature="logout8()[pri:20, instance:com.sgtesting.advancescenario.AdvAssigTNG1@bae7dc0]" started-at="2022-06-10T17:46:03 IST" name="logout8" finished-at="2022-06-10T17:46:06 IST" duration-ms="2366" status="PASS">
          <reporter-output>
          </reporter-output>
        </test-method> <!-- logout8 -->
        <test-method signature="loginasAdmin3()[pri:21, instance:com.sgtesting.advancescenario.AdvAssigTNG1@bae7dc0]" started-at="2022-06-10T17:46:06 IST" name="loginasAdmin3" finished-at="2022-06-10T17:46:12 IST" duration-ms="6299" status="PASS">
          <reporter-output>
          </reporter-output>
        </test-method> <!-- loginasAdmin3 -->
        <test-method signature="deleteUsers()[pri:22, instance:com.sgtesting.advancescenario.AdvAssigTNG1@bae7dc0]" started-at="2022-06-10T17:46:12 IST" name="deleteUsers" finished-at="2022-06-10T17:46:34 IST" duration-ms="21733" status="PASS">
          <reporter-output>
          </reporter-output>
        </test-method> <!-- deleteUsers -->
        <test-method signature="logout9()[pri:23, instance:com.sgtesting.advancescenario.AdvAssigTNG1@bae7dc0]" started-at="2022-06-10T17:46:34 IST" name="logout9" finished-at="2022-06-10T17:46:36 IST" duration-ms="2355" status="PASS">
          <reporter-output>
          </reporter-output>
        </test-method> <!-- logout9 -->
        <test-method signature="closeApplication()[pri:24, instance:com.sgtesting.advancescenario.AdvAssigTNG1@bae7dc0]" started-at="2022-06-10T17:46:36 IST" name="closeApplication" finished-at="2022-06-10T17:46:36 IST" duration-ms="532" status="PASS">
          <reporter-output>
          </reporter-output>
        </test-method> <!-- closeApplication -->
      </class> <!-- com.sgtesting.advancescenario.AdvAssigTNG1 -->
      <class name="com.sgtesting.basicscenario.BasicAssigTNG5">
        <test-method signature="launchBrowser()[pri:1, instance:com.sgtesting.basicscenario.BasicAssigTNG5@209da20d]" started-at="2022-06-10T17:46:36 IST" name="launchBrowser" finished-at="2022-06-10T17:46:38 IST" duration-ms="1342" status="PASS">
          <reporter-output>
          </reporter-output>
        </test-method> <!-- launchBrowser -->
        <test-method signature="navigate()[pri:2, instance:com.sgtesting.basicscenario.BasicAssigTNG5@209da20d]" started-at="2022-06-10T17:46:38 IST" name="navigate" finished-at="2022-06-10T17:46:39 IST" duration-ms="724" status="PASS">
          <reporter-output>
          </reporter-output>
        </test-method> <!-- navigate -->
        <test-method signature="login(java.lang.String,java.lang.String)[pri:3, instance:com.sgtesting.basicscenario.BasicAssigTNG5@209da20d]" started-at="2022-06-10T17:46:39 IST" name="login" data-provider="logindetails" finished-at="2022-06-10T17:46:42 IST" duration-ms="3282" status="PASS">
          <params>
            <param index="0">
              <value>
                <![CDATA[admin]]>
              </value>
            </param>
            <param index="1">
              <value>
                <![CDATA[manager]]>
              </value>
            </param>
          </params>
          <reporter-output>
          </reporter-output>
        </test-method> <!-- login -->
        <test-method signature="createCustomer(java.lang.String)[pri:4, instance:com.sgtesting.basicscenario.BasicAssigTNG5@209da20d]" started-at="2022-06-10T17:46:42 IST" name="createCustomer" data-provider="createCustomer" finished-at="2022-06-10T17:46:49 IST" duration-ms="7149" status="PASS">
          <params>
            <param index="0">
              <value>
                <![CDATA[TestUser1]]>
              </value>
            </param>
          </params>
          <reporter-output>
          </reporter-output>
        </test-method> <!-- createCustomer -->
        <test-method signature="createProject(java.lang.String)[pri:5, instance:com.sgtesting.basicscenario.BasicAssigTNG5@209da20d]" started-at="2022-06-10T17:46:49 IST" name="createProject" data-provider="createProject" finished-at="2022-06-10T17:46:53 IST" duration-ms="4349" status="PASS">
          <params>
            <param index="0">
              <value>
                <![CDATA[project1]]>
              </value>
            </param>
          </params>
          <reporter-output>
          </reporter-output>
        </test-method> <!-- createProject -->
        <test-method signature="deleteProject()[pri:6, instance:com.sgtesting.basicscenario.BasicAssigTNG5@209da20d]" started-at="2022-06-10T17:46:53 IST" name="deleteProject" finished-at="2022-06-10T17:46:58 IST" duration-ms="4413" status="PASS">
          <reporter-output>
          </reporter-output>
        </test-method> <!-- deleteProject -->
        <test-method signature="deleteCustomer()[pri:7, instance:com.sgtesting.basicscenario.BasicAssigTNG5@209da20d]" started-at="2022-06-10T17:46:58 IST" name="deleteCustomer" finished-at="2022-06-10T17:47:03 IST" duration-ms="5384" status="PASS">
          <reporter-output>
          </reporter-output>
        </test-method> <!-- deleteCustomer -->
        <test-method signature="logout()[pri:8, instance:com.sgtesting.basicscenario.BasicAssigTNG5@209da20d]" started-at="2022-06-10T17:47:03 IST" name="logout" finished-at="2022-06-10T17:47:05 IST" duration-ms="1715" status="PASS">
          <reporter-output>
          </reporter-output>
        </test-method> <!-- logout -->
        <test-method signature="closeApplication()[pri:9, instance:com.sgtesting.basicscenario.BasicAssigTNG5@209da20d]" started-at="2022-06-10T17:47:05 IST" name="closeApplication" finished-at="2022-06-10T17:47:05 IST" duration-ms="396" status="PASS">
          <reporter-output>
          </reporter-output>
        </test-method> <!-- closeApplication -->
      </class> <!-- com.sgtesting.basicscenario.BasicAssigTNG5 -->
    </test> <!-- Test -->
  </suite> <!-- Suite -->
</testng-results>
