<?xml version="1.0" encoding="UTF-8"?>
<!-- Generated by org.testng.reporters.JUnitXMLReporter -->
<testsuite ignored="0" hostname="DESKTOP-CPTQ4AV" failures="0" tests="38" name="Default test" time="166.825" errors="0" timestamp="2022-06-10T17:08:41 IST">
  <testcase classname="com.sgtesting.advancescenario.AdvAssigTNG2" name="launchBrowser" time="2.806"/>
  <testcase classname="com.sgtesting.advancescenario.AdvAssigTNG2" name="navigate" time="0.761"/>
  <testcase classname="com.sgtesting.advancescenario.AdvAssigTNG2" name="loginasAdmin1a" time="4.354"/>
  <testcase classname="com.sgtesting.advancescenario.AdvAssigTNG2" name="createUser1" time="6.961"/>
  <testcase classname="com.sgtesting.advancescenario.AdvAssigTNG2" name="logout1" time="1.255"/>
  <testcase classname="com.sgtesting.advancescenario.AdvAssigTNG2" name="loginasUser1" time="10.523"/>
  <testcase classname="com.sgtesting.advancescenario.AdvAssigTNG2" name="createUser2" time="5.464"/>
  <testcase classname="com.sgtesting.advancescenario.AdvAssigTNG2" name="logout2" time="1.359"/>
  <testcase classname="com.sgtesting.advancescenario.AdvAssigTNG2" name="loginasUser2" time="10.567"/>
  <testcase classname="com.sgtesting.advancescenario.AdvAssigTNG2" name="createUser3" time="7.608"/>
  <testcase classname="com.sgtesting.advancescenario.AdvAssigTNG2" name="logout3" time="1.337"/>
  <testcase classname="com.sgtesting.advancescenario.AdvAssigTNG2" name="loginasUser3" time="10.588"/>
  <testcase classname="com.sgtesting.advancescenario.AdvAssigTNG2" name="logout4" time="1.307"/>
  <testcase classname="com.sgtesting.advancescenario.AdvAssigTNG2" name="loginasuser2" time="8.332"/>
  <testcase classname="com.sgtesting.advancescenario.AdvAssigTNG2" name="modifyPasswordforUser3" time="5.068"/>
  <testcase classname="com.sgtesting.advancescenario.AdvAssigTNG2" name="logout5" time="1.282"/>
  <testcase classname="com.sgtesting.advancescenario.AdvAssigTNG2" name="loginAsUser3" time="4.334"/>
  <testcase classname="com.sgtesting.advancescenario.AdvAssigTNG2" name="logout6" time="1.385"/>
  <testcase classname="com.sgtesting.advancescenario.AdvAssigTNG2" name="loginasuser1" time="8.316"/>
  <testcase classname="com.sgtesting.advancescenario.AdvAssigTNG2" name="modifyPasswordforUser2" time="5.26"/>
  <testcase classname="com.sgtesting.advancescenario.AdvAssigTNG2" name="logout7" time="1.343"/>
  <testcase classname="com.sgtesting.advancescenario.AdvAssigTNG2" name="loginAsUser2a" time="4.37"/>
  <testcase classname="com.sgtesting.advancescenario.AdvAssigTNG2" name="logout8" time="1.337"/>
  <testcase classname="com.sgtesting.advancescenario.AdvAssigTNG2" name="loginasAdmin1b" time="4.335"/>
  <testcase classname="com.sgtesting.advancescenario.AdvAssigTNG2" name="modifyPasswordforUser1" time="5.138"/>
  <testcase classname="com.sgtesting.advancescenario.AdvAssigTNG2" name="logout9" time="1.29"/>
  <testcase classname="com.sgtesting.advancescenario.AdvAssigTNG2" name="loginAsUser1a" time="4.334"/>
  <testcase classname="com.sgtesting.advancescenario.AdvAssigTNG2" name="logout10" time="1.407"/>
  <testcase classname="com.sgtesting.advancescenario.AdvAssigTNG2" name="loginAsUser2b" time="4.29"/>
  <testcase classname="com.sgtesting.advancescenario.AdvAssigTNG2" name="deleteUser3" time="8.916"/>
  <testcase classname="com.sgtesting.advancescenario.AdvAssigTNG2" name="logout11" time="1.286"/>
  <testcase classname="com.sgtesting.advancescenario.AdvAssigTNG2" name="loginAsUser1b" time="4.343"/>
  <testcase classname="com.sgtesting.advancescenario.AdvAssigTNG2" name="deleteUser2" time="8.892"/>
  <testcase classname="com.sgtesting.advancescenario.AdvAssigTNG2" name="logout12" time="1.367"/>
  <testcase classname="com.sgtesting.advancescenario.AdvAssigTNG2" name="loginasAdmin1c" time="4.385"/>
  <testcase classname="com.sgtesting.advancescenario.AdvAssigTNG2" name="deleteUser1" time="8.865"/>
  <testcase classname="com.sgtesting.advancescenario.AdvAssigTNG2" name="logout13" time="1.307"/>
  <testcase classname="com.sgtesting.advancescenario.AdvAssigTNG2" name="closeApplication" time="0.501"/>
</testsuite> <!-- Default test -->
