<?xml version="1.0" encoding="UTF-8"?>
<!-- Generated by org.testng.reporters.JUnitXMLReporter -->
<testsuite ignored="0" hostname="DESKTOP-CPTQ4AV" failures="0" tests="122" name="Test" time="494.145" errors="0" timestamp="2022-06-10T17:47:05 IST">
  <testcase classname="com.sgtesting.basicscenario.BasicAssigTNG2" name="launchBrowser" time="2.935"/>
  <testcase classname="com.sgtesting.basicscenario.BasicAssigTNG2" name="navigate" time="0.713"/>
  <testcase classname="com.sgtesting.basicscenario.BasicAssigTNG2" name="login" time="2.243"/>
  <testcase classname="com.sgtesting.basicscenario.BasicAssigTNG2" name="createUser" time="6.41"/>
  <testcase classname="com.sgtesting.basicscenario.BasicAssigTNG2" name="modifyUser" time="4.415"/>
  <testcase classname="com.sgtesting.basicscenario.BasicAssigTNG2" name="deleteUser" time="6.279"/>
  <testcase classname="com.sgtesting.basicscenario.BasicAssigTNG2" name="logout" time="2.318"/>
  <testcase classname="com.sgtesting.basicscenario.BasicAssigTNG2" name="closeApplication" time="0.477"/>
  <testcase classname="com.sgtesting.basicscenario.BasicAssigTNG1" name="launchBrowser" time="1.319"/>
  <testcase classname="com.sgtesting.basicscenario.BasicAssigTNG1" name="navigate" time="0.783"/>
  <testcase classname="com.sgtesting.basicscenario.BasicAssigTNG1" name="login" time="4.194"/>
  <testcase classname="com.sgtesting.basicscenario.BasicAssigTNG1" name="createUser" time="8.734"/>
  <testcase classname="com.sgtesting.basicscenario.BasicAssigTNG1" name="deleteUser" time="6.22"/>
  <testcase classname="com.sgtesting.basicscenario.BasicAssigTNG1" name="logout" time="2.404"/>
  <testcase classname="com.sgtesting.basicscenario.BasicAssigTNG1" name="closeApplication" time="0.379"/>
  <testcase classname="com.sgtesting.basicscenario.BasicAssigTNG7" name="launchBrowser" time="1.449"/>
  <testcase classname="com.sgtesting.basicscenario.BasicAssigTNG7" name="navigate" time="0.68"/>
  <testcase classname="com.sgtesting.basicscenario.BasicAssigTNG7" name="login" time="2.218"/>
  <testcase classname="com.sgtesting.basicscenario.BasicAssigTNG7" name="createCustomer" time="7.012"/>
  <testcase classname="com.sgtesting.basicscenario.BasicAssigTNG7" name="createProject" time="4.34"/>
  <testcase classname="com.sgtesting.basicscenario.BasicAssigTNG7" name="createTask" time="4.446"/>
  <testcase classname="com.sgtesting.basicscenario.BasicAssigTNG7" name="deleteTask" time="3.29"/>
  <testcase classname="com.sgtesting.basicscenario.BasicAssigTNG7" name="deleteProject" time="4.45"/>
  <testcase classname="com.sgtesting.basicscenario.BasicAssigTNG7" name="deleteCustomer" time="5.376"/>
  <testcase classname="com.sgtesting.basicscenario.BasicAssigTNG7" name="logout" time="1.356"/>
  <testcase classname="com.sgtesting.basicscenario.BasicAssigTNG7" name="closeApplication" time="0.361"/>
  <testcase classname="com.sgtesting.basicscenario.BasicAssigTNG4" name="launchBrowser" time="1.361"/>
  <testcase classname="com.sgtesting.basicscenario.BasicAssigTNG4" name="navigate" time="0.678"/>
  <testcase classname="com.sgtesting.basicscenario.BasicAssigTNG4" name="login" time="2.23"/>
  <testcase classname="com.sgtesting.basicscenario.BasicAssigTNG4" name="createCustomer" time="7.099"/>
  <testcase classname="com.sgtesting.basicscenario.BasicAssigTNG4" name="modifyCustomer" time="9.566"/>
  <testcase classname="com.sgtesting.basicscenario.BasicAssigTNG4" name="deleteCustomer" time="5.398"/>
  <testcase classname="com.sgtesting.basicscenario.BasicAssigTNG4" name="logout" time="1.667"/>
  <testcase classname="com.sgtesting.basicscenario.BasicAssigTNG4" name="closeApplication" time="0.425"/>
  <testcase classname="com.sgtesting.advancescenario.AdvAssigTNG2" name="launchBrowser" time="1.452"/>
  <testcase classname="com.sgtesting.advancescenario.AdvAssigTNG2" name="navigate" time="0.663"/>
  <testcase classname="com.sgtesting.advancescenario.AdvAssigTNG2" name="loginasAdmin1a" time="4.339"/>
  <testcase classname="com.sgtesting.advancescenario.AdvAssigTNG2" name="createUser1" time="6.951"/>
  <testcase classname="com.sgtesting.advancescenario.AdvAssigTNG2" name="logout1" time="1.308"/>
  <testcase classname="com.sgtesting.advancescenario.AdvAssigTNG2" name="loginasUser1" time="10.561"/>
  <testcase classname="com.sgtesting.advancescenario.AdvAssigTNG2" name="createUser2" time="5.542"/>
  <testcase classname="com.sgtesting.advancescenario.AdvAssigTNG2" name="logout2" time="1.322"/>
  <testcase classname="com.sgtesting.advancescenario.AdvAssigTNG2" name="loginasUser2" time="10.548"/>
  <testcase classname="com.sgtesting.advancescenario.AdvAssigTNG2" name="createUser3" time="7.529"/>
  <testcase classname="com.sgtesting.advancescenario.AdvAssigTNG2" name="logout3" time="1.342"/>
  <testcase classname="com.sgtesting.advancescenario.AdvAssigTNG2" name="loginasUser3" time="10.548"/>
  <testcase classname="com.sgtesting.advancescenario.AdvAssigTNG2" name="logout4" time="1.278"/>
  <testcase classname="com.sgtesting.advancescenario.AdvAssigTNG2" name="loginasuser2" time="8.323"/>
  <testcase classname="com.sgtesting.advancescenario.AdvAssigTNG2" name="modifyPasswordforUser3" time="5.211"/>
  <testcase classname="com.sgtesting.advancescenario.AdvAssigTNG2" name="logout5" time="1.257"/>
  <testcase classname="com.sgtesting.advancescenario.AdvAssigTNG2" name="loginAsUser3" time="4.372"/>
  <testcase classname="com.sgtesting.advancescenario.AdvAssigTNG2" name="logout6" time="1.357"/>
  <testcase classname="com.sgtesting.advancescenario.AdvAssigTNG2" name="loginasuser1" time="8.284"/>
  <testcase classname="com.sgtesting.advancescenario.AdvAssigTNG2" name="modifyPasswordforUser2" time="5.243"/>
  <testcase classname="com.sgtesting.advancescenario.AdvAssigTNG2" name="logout7" time="1.291"/>
  <testcase classname="com.sgtesting.advancescenario.AdvAssigTNG2" name="loginAsUser2a" time="4.345"/>
  <testcase classname="com.sgtesting.advancescenario.AdvAssigTNG2" name="logout8" time="1.361"/>
  <testcase classname="com.sgtesting.advancescenario.AdvAssigTNG2" name="loginasAdmin1b" time="4.332"/>
  <testcase classname="com.sgtesting.advancescenario.AdvAssigTNG2" name="modifyPasswordforUser1" time="5.096"/>
  <testcase classname="com.sgtesting.advancescenario.AdvAssigTNG2" name="logout9" time="1.324"/>
  <testcase classname="com.sgtesting.advancescenario.AdvAssigTNG2" name="loginAsUser1a" time="4.333"/>
  <testcase classname="com.sgtesting.advancescenario.AdvAssigTNG2" name="logout10" time="1.38"/>
  <testcase classname="com.sgtesting.advancescenario.AdvAssigTNG2" name="loginAsUser2b" time="4.313"/>
  <testcase classname="com.sgtesting.advancescenario.AdvAssigTNG2" name="deleteUser3" time="8.97"/>
  <testcase classname="com.sgtesting.advancescenario.AdvAssigTNG2" name="logout11" time="1.299"/>
  <testcase classname="com.sgtesting.advancescenario.AdvAssigTNG2" name="loginAsUser1b" time="4.353"/>
  <testcase classname="com.sgtesting.advancescenario.AdvAssigTNG2" name="deleteUser2" time="8.642"/>
  <testcase classname="com.sgtesting.advancescenario.AdvAssigTNG2" name="logout12" time="1.307"/>
  <testcase classname="com.sgtesting.advancescenario.AdvAssigTNG2" name="loginasAdmin1c" time="4.252"/>
  <testcase classname="com.sgtesting.advancescenario.AdvAssigTNG2" name="deleteUser1" time="8.763"/>
  <testcase classname="com.sgtesting.advancescenario.AdvAssigTNG2" name="logout13" time="1.234"/>
  <testcase classname="com.sgtesting.advancescenario.AdvAssigTNG2" name="closeApplication" time="0.363"/>
  <testcase classname="com.sgtesting.basicscenario.BasicAssigTNG3" name="launchBrowser" time="1.233"/>
  <testcase classname="com.sgtesting.basicscenario.BasicAssigTNG3" name="navigate" time="0.655"/>
  <testcase classname="com.sgtesting.basicscenario.BasicAssigTNG3" name="login" time="4.245"/>
  <testcase classname="com.sgtesting.basicscenario.BasicAssigTNG3" name="createCustomer" time="7.127"/>
  <testcase classname="com.sgtesting.basicscenario.BasicAssigTNG3" name="deleteCustomer" time="5.421"/>
  <testcase classname="com.sgtesting.basicscenario.BasicAssigTNG3" name="logout" time="2.333"/>
  <testcase classname="com.sgtesting.basicscenario.BasicAssigTNG3" name="closeApplication" time="0.319"/>
  <testcase classname="com.sgtesting.basicscenario.BasicAssigTNG6" name="launchBrowser" time="1.412"/>
  <testcase classname="com.sgtesting.basicscenario.BasicAssigTNG6" name="navigate" time="0.7"/>
  <testcase classname="com.sgtesting.basicscenario.BasicAssigTNG6" name="login" time="2.227"/>
  <testcase classname="com.sgtesting.basicscenario.BasicAssigTNG6" name="createCustomer" time="7.09"/>
  <testcase classname="com.sgtesting.basicscenario.BasicAssigTNG6" name="createProject" time="4.364"/>
  <testcase classname="com.sgtesting.basicscenario.BasicAssigTNG6" name="modifyProject" time="5.567"/>
  <testcase classname="com.sgtesting.basicscenario.BasicAssigTNG6" name="deleteProject" time="4.403"/>
  <testcase classname="com.sgtesting.basicscenario.BasicAssigTNG6" name="deleteCustomer" time="5.377"/>
  <testcase classname="com.sgtesting.basicscenario.BasicAssigTNG6" name="logout" time="1.432"/>
  <testcase classname="com.sgtesting.basicscenario.BasicAssigTNG6" name="closeApplication" time="0.489"/>
  <testcase classname="com.sgtesting.advancescenario.AdvAssigTNG1" name="launchBrowser" time="1.389"/>
  <testcase classname="com.sgtesting.advancescenario.AdvAssigTNG1" name="navigate" time="0.669"/>
  <testcase classname="com.sgtesting.advancescenario.AdvAssigTNG1" name="loginasAdmin1" time="6.318"/>
  <testcase classname="com.sgtesting.advancescenario.AdvAssigTNG1" name="createUser" time="14.687"/>
  <testcase classname="com.sgtesting.advancescenario.AdvAssigTNG1" name="logout1" time="2.269"/>
  <testcase classname="com.sgtesting.advancescenario.AdvAssigTNG1" name="loginasuser1" time="6.716"/>
  <testcase classname="com.sgtesting.advancescenario.AdvAssigTNG1" name="logout2" time="2.34"/>
  <testcase classname="com.sgtesting.advancescenario.AdvAssigTNG1" name="loginasuser2" time="6.549"/>
  <testcase classname="com.sgtesting.advancescenario.AdvAssigTNG1" name="logout3" time="2.329"/>
  <testcase classname="com.sgtesting.advancescenario.AdvAssigTNG1" name="loginasuser3" time="6.504"/>
  <testcase classname="com.sgtesting.advancescenario.AdvAssigTNG1" name="logout4" time="2.243"/>
  <testcase classname="com.sgtesting.advancescenario.AdvAssigTNG1" name="loginasAdmin2" time="6.284"/>
  <testcase classname="com.sgtesting.advancescenario.AdvAssigTNG1" name="modifyPasswords" time="20.5"/>
  <testcase classname="com.sgtesting.advancescenario.AdvAssigTNG1" name="logout5" time="2.708"/>
  <testcase classname="com.sgtesting.advancescenario.AdvAssigTNG1" name="loginasUser1" time="4.34"/>
  <testcase classname="com.sgtesting.advancescenario.AdvAssigTNG1" name="logout6" time="2.728"/>
  <testcase classname="com.sgtesting.advancescenario.AdvAssigTNG1" name="loginasUser2" time="4.305"/>
  <testcase classname="com.sgtesting.advancescenario.AdvAssigTNG1" name="logout7" time="2.396"/>
  <testcase classname="com.sgtesting.advancescenario.AdvAssigTNG1" name="loginasUser3" time="4.304"/>
  <testcase classname="com.sgtesting.advancescenario.AdvAssigTNG1" name="logout8" time="2.366"/>
  <testcase classname="com.sgtesting.advancescenario.AdvAssigTNG1" name="loginasAdmin3" time="6.299"/>
  <testcase classname="com.sgtesting.advancescenario.AdvAssigTNG1" name="deleteUsers" time="21.733"/>
  <testcase classname="com.sgtesting.advancescenario.AdvAssigTNG1" name="logout9" time="2.355"/>
  <testcase classname="com.sgtesting.advancescenario.AdvAssigTNG1" name="closeApplication" time="0.532"/>
  <testcase classname="com.sgtesting.basicscenario.BasicAssigTNG5" name="launchBrowser" time="1.342"/>
  <testcase classname="com.sgtesting.basicscenario.BasicAssigTNG5" name="navigate" time="0.724"/>
  <testcase classname="com.sgtesting.basicscenario.BasicAssigTNG5" name="login" time="3.282"/>
  <testcase classname="com.sgtesting.basicscenario.BasicAssigTNG5" name="createCustomer" time="7.149"/>
  <testcase classname="com.sgtesting.basicscenario.BasicAssigTNG5" name="createProject" time="4.349"/>
  <testcase classname="com.sgtesting.basicscenario.BasicAssigTNG5" name="deleteProject" time="4.413"/>
  <testcase classname="com.sgtesting.basicscenario.BasicAssigTNG5" name="deleteCustomer" time="5.384"/>
  <testcase classname="com.sgtesting.basicscenario.BasicAssigTNG5" name="logout" time="1.715"/>
  <testcase classname="com.sgtesting.basicscenario.BasicAssigTNG5" name="closeApplication" time="0.396"/>
</testsuite> <!-- Test -->
