<?xml version="1.0" encoding="UTF-8"?>
<!-- Generated by org.testng.reporters.JUnitXMLReporter -->
<testsuite ignored="0" hostname="DESKTOP-CPTQ4AV" failures="0" tests="7" name="ActiTimePage" time="4.662" errors="0" timestamp="2022-06-10T16:25:41 IST">
  <testcase classname="com.sgtesting.basicscenario.BasicTNG1" name="closeApplication" time="0.014"/>
  <testcase classname="com.sgtesting.basicscenario.BasicTNG1" name="createUser" time="0.014"/>
  <testcase classname="com.sgtesting.basicscenario.BasicTNG1" name="deleteUser" time="0.002"/>
  <testcase classname="com.sgtesting.basicscenario.BasicTNG1" name="launchBrowser" time="3.65"/>
  <testcase classname="com.sgtesting.basicscenario.BasicTNG1" name="login" time="0.04"/>
  <testcase classname="com.sgtesting.basicscenario.BasicTNG1" name="logout" time="0.022"/>
  <testcase classname="com.sgtesting.basicscenario.BasicTNG1" name="navigate" time="0.844"/>
</testsuite> <!-- ActiTimePage -->
